.
Already up-to-date.
getting channel: http://www.minghui.org/mh/fenlei/282/cat282.js
getting channel: http://www.minghui.org/mh/fenlei/251/cat251.js
getting channel: http://www.minghui.org/mh/fenlei/245/cat245.js
getting channel: http://www.minghui.org/mh/fenlei/140/cat140.js
getting channel: http://www.minghui.org/mh/fenlei/91/cat91-2019.js
getting channel: http://www.minghui.org/mh/fenlei/328/cat328.js
../pages/328/390133.md
getting channel: http://www.minghui.org/mh/fenlei/277/cat277.js
getting channel: http://www.minghui.org/mh/fenlei/81/cat81-2019.js
getting channel: http://www.epochtimes.com/gb/nf4778.htm
getting channel: http://www.epochtimes.com/gb/nf4780.htm
getting channel: http://www.epochtimes.com/gb/nf5951.htm
getting channel: http://www.epochtimes.com/gb/nf4779.htm
getting channel: http://www.epochtimes.com/gb/nf1148019.htm
getting channel: http://www.epochtimes.com/gb/nf1299941.htm
[master 6d82149] 同步于: 7月18日9时10分
 16 files changed, 991 insertions(+), 991 deletions(-)
 rewrite README.md (95%)
 rewrite indexes/236.md (87%)
 rewrite indexes/328.md (68%)
